MPASM  5.02                           EX1.ASM   1-13-2008  18:20:44         PAGE  1


LOC  OBJECT CODE     LINE SOURCE TEXT
  VALUE

                      00001 ;* * * * * * * * * * * * * * * * * * * * * * * * * * * * * * * * * *
                      00002 ;*                       BOTÃO E LED - EX1                         *
                      00003 ;*                       DESBRAVANDO O PIC                         *
                      00004 ;*       DESENVOLVIDO PELA MOSAICO ENGENHARIA E CONSULTORIA        *
                      00005 ;*      VERSÃO: 1.0                             DATA: 17/06/03     *
                      00006 ;* * * * * * * * * * * * * * * * * * * * * * * * * * * * * * * * * *
                      00007 ;*                      DESCRIÇÃO DO ARQUIVO                       *
                      00008 ;*-----------------------------------------------------------------*
                      00009 ;*  SISTEMA MUITO SIMPLES PARA REPRESENTAR O ESTADO DE             *
                      00010 ;*  UM BOTÃO ATRAVÉS DE UM LED.                                    *
                      00011 ;*                                                                 *
                      00012 ;* * * * * * * * * * * * * * * * * * * * * * * * * * * * * * * * * *
                      00013 
                      00014 ;* * * * * * * * * * * * * * * * * * * * * * * * * * * * * * * * * *
                      00015 ;*                     ARQUIVOS DE DEFINIÇÕES                      *
                      00016 ;* * * * * * * * * * * * * * * * * * * * * * * * * * * * * * * * * *
                      00017 
                      00018 #INCLUDE <P16F628A.INC>         ;ARQUIVO PADRÃO MICROCHIP PARA 16F628A
                      00001         LIST
                      00002 ; P16F628A.INC  Standard Header File, Version 1.10    Microchip Technology, Inc.
Message[301]: MESSAGE: (Processor-header file mismatch.  Verify selected processor.)
                      00265         LIST
                      00266 
2007   3F61           00019         __CONFIG  _BODEN_ON & _CP_OFF & _PWRTE_ON & _WDT_OFF & _LVP_OFF & _MCLRE_ON & _XT_OSC
                      00020 
                      00021 ;* * * * * * * * * * * * * * * * * * * * * * * * * * * * * * * * * *
                      00022 ;*                    PAGINAÇÃO DE MEMÓRIA                         *
                      00023 ;* * * * * * * * * * * * * * * * * * * * * * * * * * * * * * * * * *
                      00024 ;DEFINIÇÃO DE COMANDOS DE USUÁRIO PARA ALTERAÇÃO DA PÁGINA DE MEMÓRIA
                      00025 
                      00026 #DEFINE BANK0   BCF STATUS,RP0  ;SETA BANK 0 DE MEMÓRIA
                      00027 #DEFINE BANK1   BSF STATUS,RP0  ;SETA BANK 1 DE MAMÓRIA
                      00028 
                      00029 ;* * * * * * * * * * * * * * * * * * * * * * * * * * * * * * * * * *
                      00030 ;*                         VARIÁVEIS                               *
                      00031 ;* * * * * * * * * * * * * * * * * * * * * * * * * * * * * * * * * *
                      00032 ; DEFINIÇÃO DOS NOMES E ENDEREÇOS DE TODAS AS VARIÁVEIS UTILIZADAS 
                      00033 ; PELO SISTEMA
                      00034 
                      00035         CBLOCK  0x20    ;ENDEREÇO INICIAL DA MEMÓRIA DE
                      00036                                         ;USUÁRIO
                      00037         
                      00038 
                      00039         ENDC                    ;FIM DO BLOCO DE MEMÓRIA                
                      00040 
                      00041 ;* * * * * * * * * * * * * * * * * * * * * * * * * * * * * * * * * *
                      00042 ;*                        FLAGS INTERNOS                           *
                      00043 ;* * * * * * * * * * * * * * * * * * * * * * * * * * * * * * * * * *
                      00044 ; DEFINIÇÃO DE TODOS OS FLAGS UTILIZADOS PELO SISTEMA
                      00045 
                      00046 ;* * * * * * * * * * * * * * * * * * * * * * * * * * * * * * * * * *
                      00047 ;*                         CONSTANTES                              *
                      00048 ;* * * * * * * * * * * * * * * * * * * * * * * * * * * * * * * * * *
MPASM  5.02                           EX1.ASM   1-13-2008  18:20:44         PAGE  2


LOC  OBJECT CODE     LINE SOURCE TEXT
  VALUE

                      00049 ; DEFINIÇÃO DE TODAS AS CONSTANTES UTILIZADAS PELO SISTEMA
                      00050 
                      00051 ;* * * * * * * * * * * * * * * * * * * * * * * * * * * * * * * * * *
                      00052 ;*                           ENTRADAS                              *
                      00053 ;* * * * * * * * * * * * * * * * * * * * * * * * * * * * * * * * * *
                      00054 ; DEFINIÇÃO DE TODOS OS PINOS QUE SERÃO UTILIZADOS COMO ENTRADA
                      00055 ; RECOMENDAMOS TAMBÉM COMENTAR O SIGNIFICADO DE SEUS ESTADOS (0 E 1)
                      00056                                                                                                         
                                                                                                                            
                      00057 #DEFINE BOTAO   PORTA,2 ;PORTA DO BOTÃO
                      00058                                                 ; 0 -> PRESSIONADO
                      00059                                                 ; 1 -> LIBERADO
                      00060 
                      00061 ;* * * * * * * * * * * * * * * * * * * * * * * * * * * * * * * * * *
                      00062 ;*                           SAÍDAS                                *
                      00063 ;* * * * * * * * * * * * * * * * * * * * * * * * * * * * * * * * * *
                      00064 ; DEFINIÇÃO DE TODOS OS PINOS QUE SERÃO UTILIZADOS COMO SAÍDA
                      00065 ; RECOMENDAMOS TAMBÉM COMENTAR O SIGNIFICADO DE SEUS ESTADOS (0 E 1)
                      00066 
                      00067 #DEFINE LED     PORTB,0 ;PORTA DO LED
                      00068                                         ; 0 -> APAGADO
                      00069                                         ; 1 -> ACESO
                      00070 
                      00071 ;* * * * * * * * * * * * * * * * * * * * * * * * * * * * * * * * * *
                      00072 ;*                       VETOR DE RESET                            *
                      00073 ;* * * * * * * * * * * * * * * * * * * * * * * * * * * * * * * * * *
                      00074 
                      00075         ORG     0x00            ;ENDEREÇO INICIAL DE PROCESSAMENTO
0000   2???           00076         GOTO    INICIO
                      00077         
                      00078 ;* * * * * * * * * * * * * * * * * * * * * * * * * * * * * * * * * *
                      00079 ;*                    INÍCIO DA INTERRUPÇÃO                        *
                      00080 ;* * * * * * * * * * * * * * * * * * * * * * * * * * * * * * * * * *
                      00081 ; AS INTERRUPÇÕES NÃO SERÃO UTILIZADAS, POR ISSO PODEMOS SUBSTITUIR
                      00082 ; TODO O SISTEMA EXISTENTE NO ARQUIVO MODELO PELO APRESENTADO ABAIXO
                      00083 ; ESTE SISTEMA NÃO É OBRIGATÓRIO, MAS PODE EVITAR PROBLEMAS FUTUROS
                      00084 
                      00085         ORG     0x04            ;ENDEREÇO INICIAL DA INTERRUPÇÃO
0004   0009           00086         RETFIE                  ;RETORNA DA INTERRUPÇÃO
                      00087 
                      00088 ;* * * * * * * * * * * * * * * * * * * * * * * * * * * * * * * * * *
                      00089 ;*                     INICIO DO PROGRAMA                          *
                      00090 ;* * * * * * * * * * * * * * * * * * * * * * * * * * * * * * * * * *
                      00091         
0005                  00092 INICIO
0005   0185           00093         CLRF    PORTA           ;LIMPA O PORTA
0006   0186           00094         CLRF    PORTB           ;LIMPA O PORTB
                      00095 
0007   1683           00096         BANK1                           ;ALTERA PARA O BANCO 1
0008   3004           00097         MOVLW   B'00000100'
Message[302]: Register in operand not in bank 0.  Ensure that bank bits are correct.
0009   0085           00098         MOVWF   TRISA           ;DEFINE RA2 COMO ENTRADA E DEMAIS
                      00099                                                 ;COMO SAÍDAS
MPASM  5.02                           EX1.ASM   1-13-2008  18:20:44         PAGE  3


LOC  OBJECT CODE     LINE SOURCE TEXT
  VALUE

000A   3000           00100         MOVLW   B'00000000'
Message[302]: Register in operand not in bank 0.  Ensure that bank bits are correct.
000B   0086           00101         MOVWF   TRISB           ;DEFINE TODO O PORTB COMO SAÍDA
000C   3080           00102         MOVLW   B'10000000'
Message[302]: Register in operand not in bank 0.  Ensure that bank bits are correct.
000D   0081           00103         MOVWF   OPTION_REG      ;PRESCALER 1:2 NO TMR0
                      00104                                                 ;PULL-UPS DESABILITADOS
                      00105                                                 ;AS DEMAIS CONFG. SÃO IRRELEVANTES
000E   3000           00106         MOVLW   B'00000000'
000F   008B           00107         MOVWF   INTCON          ;TODAS AS INTERRUPÇÕES DESLIGADAS
0010   1283           00108         BANK0                           ;RETORNA PARA O BANCO 0
0011   3007           00109         MOVLW   B'00000111'
0012   009F           00110         MOVWF   CMCON           ;DEFINE O MODO DE OPERAÇÃO DO COMPARADOR ANALÓGICO
                      00111 
                      00112 
                      00113 ;* * * * * * * * * * * * * * * * * * * * * * * * * * * * * * * * * *
                      00114 ;*                     INICIALIZAÇÃO DAS VARIÁVEIS                 *
                      00115 ;* * * * * * * * * * * * * * * * * * * * * * * * * * * * * * * * * *
                      00116 
                      00117 
                      00118 ;* * * * * * * * * * * * * * * * * * * * * * * * * * * * * * * * * *
                      00119 ;*                     ROTINA PRINCIPAL                            *
                      00120 ;* * * * * * * * * * * * * * * * * * * * * * * * * * * * * * * * * *
0013                  00121 MAIN
                      00122 
0013   1905           00123         BTFSC   BOTAO           ;O BOTÃO ESTÁ PRESSIONADO?
0014   2???           00124         GOTO    BOTAO_LIB       ;NÃO, ENTÃO TRATA BOTÃO LIBERADO
0015   2???           00125         GOTO    BOTAO_PRES      ;SIM, ENTÃO TRATA BOTÃO PRESSIONADO
                      00126 
0016                  00127 BOTAO_LIB
0016   1006           00128         BCF     LED                             ;APAGA O LED
0017   2???           00129         GOTO    MAIN            ;RETORNA AO LOOP PRINCIPAL
                      00130 
0018                  00131 BOTAO_PRES
0018   1406           00132         BSF     LED                             ;ACENDE O LED
0019   2???           00133         GOTO    MAIN            ;RETORNA AO LOOP PRINCIPAL
                      00134 
                      00135 ;* * * * * * * * * * * * * * * * * * * * * * * * * * * * * * * * * *
                      00136 ;*                       FIM DO PROGRAMA                           *
                      00137 ;* * * * * * * * * * * * * * * * * * * * * * * * * * * * * * * * * *
                      00138 
                      00139         END                     ;OBRIGATÓRIO
MPASM  5.02                           EX1.ASM   1-13-2008  18:20:44         PAGE  4


SYMBOL TABLE
  LABEL                             VALUE 

ADEN                              00000003
BANK0                             BCF STATUS,RP0
BANK1                             BSF STATUS,RP0
BOTAO                             PORTA,2
BOTAO_LIB                         00000016
BOTAO_PRES                        00000018
BRGH                              00000002
C                                 00000000
C1INV                             00000004
C1OUT                             00000006
C2INV                             00000005
C2OUT                             00000007
CCP1CON                           00000017
CCP1IE                            00000002
CCP1IF                            00000002
CCP1M0                            00000000
CCP1M1                            00000001
CCP1M2                            00000002
CCP1M3                            00000003
CCP1X                             00000005
CCP1Y                             00000004
CCPR1H                            00000016
CCPR1L                            00000015
CIS                               00000003
CM0                               00000000
CM1                               00000001
CM2                               00000002
CMCON                             0000001F
CMIE                              00000006
CMIF                              00000006
CREN                              00000004
CSRC                              00000007
DC                                00000001
EEADR                             0000009B
EECON1                            0000009C
EECON2                            0000009D
EEDATA                            0000009A
EEIE                              00000007
EEIF                              00000007
F                                 00000001
FERR                              00000002
FSR                               00000004
GIE                               00000007
INDF                              00000000
INICIO                            00000005
INTCON                            0000000B
INTE                              00000004
INTEDG                            00000006
INTF                              00000001
IRP                               00000007
LED                               PORTB,0
MAIN                              00000013
NOT_BO                            00000000
MPASM  5.02                           EX1.ASM   1-13-2008  18:20:44         PAGE  5


SYMBOL TABLE
  LABEL                             VALUE 

NOT_BOD                           00000000
NOT_BOR                           00000000
NOT_PD                            00000003
NOT_POR                           00000001
NOT_RBPU                          00000007
NOT_T1SYNC                        00000002
NOT_TO                            00000004
OERR                              00000001
OPTION_REG                        00000081
OSCF                              00000003
PCL                               00000002
PCLATH                            0000000A
PCON                              0000008E
PEIE                              00000006
PIE1                              0000008C
PIR1                              0000000C
PORTA                             00000005
PORTB                             00000006
PR2                               00000092
PS0                               00000000
PS1                               00000001
PS2                               00000002
PSA                               00000003
RBIE                              00000003
RBIF                              00000000
RCIE                              00000005
RCIF                              00000005
RCREG                             0000001A
RCSTA                             00000018
RD                                00000000
RP0                               00000005
RP1                               00000006
RX9                               00000006
RX9D                              00000000
SPBRG                             00000099
SPEN                              00000007
SREN                              00000005
STATUS                            00000003
SYNC                              00000004
T0CS                              00000005
T0IE                              00000005
T0IF                              00000002
T0SE                              00000004
T1CKPS0                           00000004
T1CKPS1                           00000005
T1CON                             00000010
T1OSCEN                           00000003
T2CKPS0                           00000000
T2CKPS1                           00000001
T2CON                             00000012
TMR0                              00000001
TMR1CS                            00000001
TMR1H                             0000000F
MPASM  5.02                           EX1.ASM   1-13-2008  18:20:44         PAGE  6


SYMBOL TABLE
  LABEL                             VALUE 

TMR1IE                            00000000
TMR1IF                            00000000
TMR1L                             0000000E
TMR1ON                            00000000
TMR2                              00000011
TMR2IE                            00000001
TMR2IF                            00000001
TMR2ON                            00000002
TOUTPS0                           00000003
TOUTPS1                           00000004
TOUTPS2                           00000005
TOUTPS3                           00000006
TRISA                             00000085
TRISB                             00000086
TRMT                              00000001
TX9                               00000006
TX9D                              00000000
TXEN                              00000005
TXIE                              00000004
TXIF                              00000004
TXREG                             00000019
TXSTA                             00000098
VR0                               00000000
VR1                               00000001
VR2                               00000002
VR3                               00000003
VRCON                             0000009F
VREN                              00000007
VROE                              00000006
VRR                               00000005
W                                 00000000
WR                                00000001
WREN                              00000002
WRERR                             00000003
Z                                 00000002
_BODEN_OFF                        00003FBF
_BODEN_ON                         00003FFF
_BOREN_OFF                        00003FBF
_BOREN_ON                         00003FFF
_CP_OFF                           00003FFF
_CP_ON                            00001FFF
_DATA_CP_OFF                      00003FFF
_DATA_CP_ON                       00003EFF
_ER_OSC_CLKOUT                    00003FFF
_ER_OSC_NOCLKOUT                  00003FFE
_EXTCLK_OSC                       00003FEF
_HS_OSC                           00003FEE
_INTOSC_OSC_CLKOUT                00003FFD
_INTOSC_OSC_NOCLKOUT              00003FFC
_INTRC_OSC_CLKOUT                 00003FFD
_INTRC_OSC_NOCLKOUT               00003FFC
_LP_OSC                           00003FEC
_LVP_OFF                          00003F7F
MPASM  5.02                           EX1.ASM   1-13-2008  18:20:44         PAGE  7


SYMBOL TABLE
  LABEL                             VALUE 

_LVP_ON                           00003FFF
_MCLRE_OFF                        00003FDF
_MCLRE_ON                         00003FFF
_PWRTE_OFF                        00003FFF
_PWRTE_ON                         00003FF7
_RC_OSC_CLKOUT                    00003FFF
_RC_OSC_NOCLKOUT                  00003FFE
_WDT_OFF                          00003FFB
_WDT_ON                           00003FFF
_XT_OSC                           00003FED
__16F84A                          00000001

Errors   :     0
Warnings :     0 reported,     0 suppressed
Messages :     4 reported,     0 suppressed

