MPASM  5.15                ROBO VASOURA 2.ASM   2-20-2008  22:49:09         PAGE  1


LOC  OBJECT CODE     LINE SOURCE TEXT
  VALUE

                      00001 ;******************************************************
                      00002 ;Projeto Robô PIC - Robô controlado por um PIC16F84A
                      00003 ;Márcio José Soares - 10/09/2003
                      00004 ;
                      00005 ;I/O's usadas
                      00006 ;RB4 - relé liga/desliga motor 1
                      00007 ;RB5 - relé liga/desliga motor 2
                      00008 ;RB6 - relé de inversão 1
                      00009 ;RB7 - relé de inversão 2. Necessário o uso de ambos para inverter os motores
                      00010 ;
                      00011 ;RA2 - chave "bumper" 1
                      00012 ;RA3 - chave "bumper" 2
                      00013 ;
                      00014 ;Clock - 4 MHz
                      00015 ;
                      00016 ;últimas alterações
                      00017 ;
                      00018 ;******************************************************
                      00019 
                      00020         list p=16F84            ;listagem
                      00021         radix dec               ;padrao->valores decimal se nao informado outro
                      00022         include <P16F84A.INC>   ;inclue arquivo
                      00001         LIST
                      00002 ; P16F84A.INC  Standard Header File, Version 2.00    Microchip Technology, Inc.
                      00134         LIST
                      00023 
2007   3FF9           00024         __CONFIG _CP_OFF & _PWRTE_OFF &  _WDT_OFF & _XT_OSC  ;configura bits
                      00025 
                      00026 ;
                      00027 ;**************************************************************
                      00028 ;constantes
                      00029 ;**************************************************************
                      00030 ;
  0000000C            00031 picram  equ     0x0C            ;inicio da RAM
  00000000            00032 picres  equ     0x00            ;endereço de reset
  00000004            00033 picint  equ     0x04            ;endereço de interrupção
                      00034 
  00000008            00035 CHAVE1  equ     0x08            ;chave 1, pino 1, bit 2 porta A
  00000009            00036 CHAVE2  equ     0x09            ;chave 2, pino 2, bit 3 porta A
  00000004            00037 RL1     equ     0x04            ;rele 1, pino 10, bit 4 porta B
  00000005            00038 RL2     equ     0x05            ;rele 2, pino 11, bit 5 porta B
  00000006            00039 RL3     equ     0x06            ;rele 3, pino 12, bit 6 porta B
  00000007            00040 RL4     equ     0x07            ;rele 4, pino 13, bit 7 porta B
                      00041 
  00000005            00042 CHAVES  equ     PORTA           ;porta onde estão as chaves
  00000006            00043 RELES   equ     PORTB           ;porta onde estão os reles
                      00044 
                      00045 ;
                      00046 ;**************************************************************
                      00047 ;variáveis
                      00048 ;**************************************************************
                      00049 ;
                      00050 
MPASM  5.15                ROBO VASOURA 2.ASM   2-20-2008  22:49:09         PAGE  2


LOC  OBJECT CODE     LINE SOURCE TEXT
  VALUE

                      00051         org     picram          ;define local para criar variáveis
                      00052 
000C   3FFF           00053 T1      res     1               ;variável para temporização
000D   3FFF           00054 T2      res     1               ;variável para temporização
000E   3FFF           00055 T3      res     1               ;variável para temporização
000F   3FFF           00056 T4      res     1               ;variável para temporização
                      00057 
                      00058 ;
                      00059 ;
                      00060 ;**************************************************************
                      00061 ;define memoria de programa e vetor de reset
                      00062 ;**************************************************************
                      00063 ;
                      00064 
                      00065         org     picres          ;reset
0000   2???           00066         goto    inicio          ;desvia do endereço 0x04 - interrupção
                      00067 
                      00068 ;
                      00069 ;
                      00070 ;**************************************************************
                      00071 ;endereço e rotina de interrupção
                      00072 ;**************************************************************
                      00073 ;
                      00074         org     picint          ;toda interrupção aponta para este endereço
                      00075 
0004   0009           00076         retfie                  ;retorno de interrupção
                      00077 
                      00078 ;
                      00079 ;
                      00080 ;**************************************************************
                      00081 ;inicia ambiemte - PIC
                      00082 ;**************************************************************
                      00083 ;
                      00084 
0005                  00085 inicio:
0005   3000           00086         movlw   0x00                    ;ajuste para os bits INTCON
0006   008B           00087         movwf   INTCON
                      00088 
0007   1683           00089         bsf     STATUS,RP0              ;seleciona banco 1 para options e tris
                      00090 
0008   3000           00091         movlw   b'00000000'                     ;ajusta os bits em A, 2 e 3 como entrada
Message[302]: Register in operand not in bank 0.  Ensure that bank bits are correct.
0009   0085           00092         movwf   TRISA                   ;e o restante como saída
                      00093 
000A   30FF           00094         movlw   b'11111111'                     ;ajusta todos bits em B como saida
Message[302]: Register in operand not in bank 0.  Ensure that bank bits are correct.
000B   0086           00095         movwf   TRISB
                      00096 
000C   1283           00097         bcf     STATUS,RP0              ;volta ao banco 0... (padrão do reset)
                      00098 
000D   3000           00099         movlw   0x0                     ;zera relés
000E   0086           00100         movwf   RELES                   ;robô parado
                      00101 
MPASM  5.15                ROBO VASOURA 2.ASM   2-20-2008  22:49:09         PAGE  3


LOC  OBJECT CODE     LINE SOURCE TEXT
  VALUE

000F   2???           00102         call    a_frente                ;move robô a frente
                      00103 
                      00104 ;
                      00105 ;**************************************************************
                      00106 ;programa e rotina principal
                      00107 ;**************************************************************
                      00108 ;
                      00109 
                      00110 
0010                  00111 loop:
Warning[202]: Argument out of range.  Least significant bits used.
0010   1C05           00112         btfss   CHAVES,CHAVE1           ;testa chave 1
0011   2???           00113         goto    lado1                   ;acionada, realiza desvio
Warning[202]: Argument out of range.  Least significant bits used.
0012   1C85           00114         btfss   CHAVES,CHAVE2           ;testa chave 2
0013   2???           00115         goto    lado2                   ;acionada, realiza desvio
0014   2???           00116         goto    loop                    ;faz eternamente
                      00117 
                      00118 ;
                      00119 ;**************************************************************
                      00120 ;subrotinas para movimentar o robô
                      00121 ;**************************************************************
                      00122 ;
                      00123 
0015                  00124 lado1:
0015   2???           00125         call    para_robo               ;para robô
0016   2???           00126         call    tempo                   ;aguarda tempo
0017   2???           00127         call    a_re                    ;movimenta para a ré
0018   2???           00128         call    tempo                   ;aguarda tempo
0019   2???           00129         call    para_robo               ;para robô
001A   1686           00130         bsf     RELES,RL2               ;liga rele 1, sentido invertido
001B   2???           00131         call    tempo                   ;aguarda final do movimento
001C   2???           00132         call    a_frente                ;volta movimentar a frente
001D   2???           00133         goto    loop
                      00134 
001E                  00135 lado2:
001E   2???           00136         call    para_robo               ;para robô
001F   2???           00137         call    tempo                   ;aguarda tempo
0020   2???           00138         call    a_re                    ;movimenta para a ré
0021   2???           00139         call    tempo                   ;aguarda tempo
0022   2???           00140         call    para_robo
0023   1606           00141         bsf     RELES,RL1               ;liga rele 2, sentido invertido
0024   2???           00142         call    tempo                   ;aguarda final do movimento
0025   2???           00143         call    a_frente                ;volta movimentar a frente
0026   2???           00144         goto    loop
                      00145 
0027                  00146 para_robo:                
0027   1206           00147         bcf     RELES,RL1               ;desliga rele 1
0028   1286           00148         bcf     RELES,RL2               ;desliga rele 2
0029   0008           00149         return
                      00150 
002A                  00151 a_frente:
002A   1306           00152         bcf     RELES,RL3               ;desliga rele 3
MPASM  5.15                ROBO VASOURA 2.ASM   2-20-2008  22:49:09         PAGE  4


LOC  OBJECT CODE     LINE SOURCE TEXT
  VALUE

002B   1386           00153         bcf     RELES,RL4               ;desliga rele 4. Sentido dos motores normal
002C   1606           00154         bsf     RELES,RL1               ;liga rele 1
002D   1686           00155         bsf     RELES,RL2               ;liga rele 2. Robô em movimento
002E   0008           00156         return
                      00157 
002F                  00158 a_re:
002F   1706           00159         bsf     RELES,RL3               ;liga rele 3
0030   1786           00160         bsf     RELES,RL4               ;liga rele 4. Sentido dos motores invertido
0031   1606           00161         bsf     RELES,RL1               ;liga rele 1
0032   1686           00162         bsf     RELES,RL2               ;liga rele 2. Robô em movimento
0033   0008           00163         return
                      00164 
                      00165 ;
                      00166 ;**************************************************************
                      00167 ;subrotina de temporização
                      00168 ;**************************************************************
                      00169 ;
                      00170 ;aguarda 1 segundo com clock de 4MHz
                      00171         
0034                  00172 tempo:
0034   3006           00173         movlw   0x06                    ;carrega W com 6
0035   00??           00174         movwf   T3                      ;carrega T3 com 6
0036   3001           00175         movlw   0x01                    ;carrega T4 com 1
0037   00??           00176         movwf   T4
                      00177         
0038                  00178 car:
0038   30FF           00179         movlw   0xff                    ;carrega W com 255
0039   00??           00180         movwf   T1                      ;carrega T1 com W
003A   1800           00181         btfsc   T4,0                    ;testa bit 0 de T4
003B   0B??           00182         decfsz  T3,F                    ;decrementa T3
003C   2???           00183         goto car_1
003D   0008           00184         return
                      00185 
003E                  00186 car_1:
003E   30FF           00187         movlw   0xFF                    ;carrega W com 255
003F   00??           00188         movwf   T2                      ;carrega T2 com 255
0040                  00189 dec_1:
0040   0B??           00190         decfsz T2,1                     ;decrementa T2
0041   2???           00191         goto    dec_1                   ;255 x T1 vezes
0042   0B??           00192         decfsz T1,1                     ;decrementa T1
0043   2???           00193         goto car_1                      ;volta a carregar T2
0044   1800           00194         btfsc   T4,0                    ;testa bit 0 de T4
0045   2???           00195         goto    car                     ;retorna 0 em W
0046   0008           00196         return
                      00197 
                      00198 ;****************************************************************
                      00199 ; fim do programa
                      00200 ;****************************************************************
                      00201         end
MPASM  5.15                ROBO VASOURA 2.ASM   2-20-2008  22:49:09         PAGE  5


SYMBOL TABLE
  LABEL                             VALUE 

C                                 00000000
CHAVE1                            00000008
CHAVE2                            00000009
CHAVES                            00000005
DC                                00000001
EEADR                             00000009
EECON1                            00000088
EECON2                            00000089
EEDATA                            00000008
EEIE                              00000006
EEIF                              00000004
F                                 00000001
FSR                               00000004
GIE                               00000007
INDF                              00000000
INTCON                            0000000B
INTE                              00000004
INTEDG                            00000006
INTF                              00000001
IRP                               00000007
NOT_PD                            00000003
NOT_RBPU                          00000007
NOT_TO                            00000004
OPTION_REG                        00000081
PCL                               00000002
PCLATH                            0000000A
PORTA                             00000005
PORTB                             00000006
PS0                               00000000
PS1                               00000001
PS2                               00000002
PSA                               00000003
RBIE                              00000003
RBIF                              00000000
RD                                00000000
RELES                             00000006
RL1                               00000004
RL2                               00000005
RL3                               00000006
RL4                               00000007
RP0                               00000005
RP1                               00000006
STATUS                            00000003
T0CS                              00000005
T0IE                              00000005
T0IF                              00000002
T0SE                              00000004
T1                                0000000C
T2                                0000000D
T3                                0000000E
T4                                0000000F
TMR0                              00000001
TRISA                             00000085
MPASM  5.15                ROBO VASOURA 2.ASM   2-20-2008  22:49:09         PAGE  6


SYMBOL TABLE
  LABEL                             VALUE 

TRISB                             00000086
W                                 00000000
WR                                00000001
WREN                              00000002
WRERR                             00000003
Z                                 00000002
_CP_OFF                           00003FFF
_CP_ON                            0000000F
_HS_OSC                           00003FFE
_LP_OSC                           00003FFC
_PWRTE_OFF                        00003FFF
_PWRTE_ON                         00003FF7
_RC_OSC                           00003FFF
_WDT_OFF                          00003FFB
_WDT_ON                           00003FFF
_XT_OSC                           00003FFD
__16F84A                          00000001
__DEBUG                           1
a_frente                          0000002A
a_re                              0000002F
car                               00000038
car_1                             0000003E
dec_1                             00000040
inicio                            00000005
lado1                             00000015
lado2                             0000001E
loop                              00000010
para_robo                         00000027
picint                            00000004
picram                            0000000C
picres                            00000000
tempo                             00000034

Errors   :     0
Warnings :     2 reported,     0 suppressed
Messages :     2 reported,     0 suppressed

